<?xml version="1.0" encoding="utf-8"?>
<coverage line-rate="1" branch-rate="0.95" version="1.9" timestamp="1765708865" lines-covered="39" lines-valid="39" branches-covered="19" branches-valid="20">
  <sources>
    <source>C:\</source>
  </sources>
  <packages>
    <package name="LongestIncreasingSubsequence" line-rate="1" branch-rate="0.95" complexity="21">
      <classes>
        <class name="LongestIncreasingSubsequence.Main" filename="projects\repos\CodeChallenges\LongestIncreasingSubsequence\Main.cs" line-rate="1" branch-rate="0.95" complexity="21">
          <methods>
            <method name="FindLongestIncreasingSubsequence" signature="(System.String)" line-rate="1" branch-rate="1" complexity="1">
              <lines>
                <line number="6" hits="21" branch="False" />
                <line number="7" hits="21" branch="False" />
                <line number="9" hits="21" branch="False" />
                <line number="10" hits="21" branch="False" />
              </lines>
            </method>
            <method name="ConvertStringToArrayOfInteger" signature="(System.String)" line-rate="1" branch-rate="1" complexity="6">
              <lines>
                <line number="13" hits="42" branch="False" />
                <line number="14" hits="42" branch="False" />
                <line number="15" hits="42" branch="False" />
                <line number="16" hits="65590" branch="True" condition-coverage="100% (2/2)">
                  <conditions>
                    <condition number="65" type="jump" coverage="100%" />
                  </conditions>
                </line>
                <line number="17" hits="32732" branch="False" />
                <line number="18" hits="32732" branch="True" condition-coverage="100% (2/2)">
                  <conditions>
                    <condition number="43" type="jump" coverage="100%" />
                  </conditions>
                </line>
                <line number="19" hits="32718" branch="False" />
                <line number="20" hits="32718" branch="False" />
                <line number="21" hits="32718" branch="False" />
                <line number="22" hits="32732" branch="False" />
                <line number="23" hits="42" branch="True" condition-coverage="100% (2/2)">
                  <conditions>
                    <condition number="74" type="jump" coverage="100%" />
                  </conditions>
                </line>
                <line number="24" hits="42" branch="False" />
              </lines>
            </method>
            <method name="FindLongestIncreasingSubsequence" signature="(System.Int32[])" line-rate="1" branch-rate="0.9285" complexity="14">
              <lines>
                <line number="27" hits="39" branch="False" />
                <line number="28" hits="44" branch="True" condition-coverage="75% (3/4)">
                  <conditions>
                    <condition number="2" type="jump" coverage="50%" />
                    <condition number="14" type="jump" coverage="100%" />
                  </conditions>
                </line>
                <line number="29" hits="37" branch="True" condition-coverage="100% (2/2)">
                  <conditions>
                    <condition number="37" type="jump" coverage="100%" />
                  </conditions>
                </line>
                <line number="31" hits="31" branch="False" />
                <line number="32" hits="31" branch="False" />
                <line number="34" hits="65506" branch="True" condition-coverage="100% (2/2)">
                  <conditions>
                    <condition number="210" type="jump" coverage="100%" />
                  </conditions>
                </line>
                <line number="35" hits="32722" branch="False" />
                <line number="36" hits="32722" branch="True" condition-coverage="100% (2/2)">
                  <conditions>
                    <condition number="111" type="jump" coverage="100%" />
                  </conditions>
                </line>
                <line number="37" hits="16338" branch="False" />
                <line number="38" hits="16338" branch="False" />
                <line number="40" hits="16338" branch="True" condition-coverage="100% (2/2)">
                  <conditions>
                    <condition number="143" type="jump" coverage="100%" />
                  </conditions>
                </line>
                <line number="41" hits="104" branch="False" />
                <line number="42" hits="104" branch="False" />
                <line number="43" hits="104" branch="False" />
                <line number="44" hits="16338" branch="False" />
                <line number="45" hits="16384" branch="True" condition-coverage="100% (2/2)">
                  <conditions>
                    <condition number="170" type="jump" coverage="100%" />
                  </conditions>
                </line>
                <line number="46" hits="16364" branch="False" />
                <line number="48" hits="16364" branch="False" />
                <line number="49" hits="16364" branch="False" />
                <line number="50" hits="16364" branch="False" />
                <line number="51" hits="32722" branch="False" />
                <line number="53" hits="31" branch="False" />
                <line number="54" hits="39" branch="False" />
              </lines>
            </method>
          </methods>
          <lines>
            <line number="6" hits="21" branch="False" />
            <line number="7" hits="21" branch="False" />
            <line number="9" hits="21" branch="False" />
            <line number="10" hits="21" branch="False" />
            <line number="13" hits="42" branch="False" />
            <line number="14" hits="42" branch="False" />
            <line number="15" hits="42" branch="False" />
            <line number="16" hits="65590" branch="True" condition-coverage="100% (2/2)">
              <conditions>
                <condition number="65" type="jump" coverage="100%" />
              </conditions>
            </line>
            <line number="17" hits="32732" branch="False" />
            <line number="18" hits="32732" branch="True" condition-coverage="100% (2/2)">
              <conditions>
                <condition number="43" type="jump" coverage="100%" />
              </conditions>
            </line>
            <line number="19" hits="32718" branch="False" />
            <line number="20" hits="32718" branch="False" />
            <line number="21" hits="32718" branch="False" />
            <line number="22" hits="32732" branch="False" />
            <line number="23" hits="42" branch="True" condition-coverage="100% (2/2)">
              <conditions>
                <condition number="74" type="jump" coverage="100%" />
              </conditions>
            </line>
            <line number="24" hits="42" branch="False" />
            <line number="27" hits="39" branch="False" />
            <line number="28" hits="44" branch="True" condition-coverage="75% (3/4)">
              <conditions>
                <condition number="2" type="jump" coverage="50%" />
                <condition number="14" type="jump" coverage="100%" />
              </conditions>
            </line>
            <line number="29" hits="37" branch="True" condition-coverage="100% (2/2)">
              <conditions>
                <condition number="37" type="jump" coverage="100%" />
              </conditions>
            </line>
            <line number="31" hits="31" branch="False" />
            <line number="32" hits="31" branch="False" />
            <line number="34" hits="65506" branch="True" condition-coverage="100% (2/2)">
              <conditions>
                <condition number="210" type="jump" coverage="100%" />
              </conditions>
            </line>
            <line number="35" hits="32722" branch="False" />
            <line number="36" hits="32722" branch="True" condition-coverage="100% (2/2)">
              <conditions>
                <condition number="111" type="jump" coverage="100%" />
              </conditions>
            </line>
            <line number="37" hits="16338" branch="False" />
            <line number="38" hits="16338" branch="False" />
            <line number="40" hits="16338" branch="True" condition-coverage="100% (2/2)">
              <conditions>
                <condition number="143" type="jump" coverage="100%" />
              </conditions>
            </line>
            <line number="41" hits="104" branch="False" />
            <line number="42" hits="104" branch="False" />
            <line number="43" hits="104" branch="False" />
            <line number="44" hits="16338" branch="False" />
            <line number="45" hits="16384" branch="True" condition-coverage="100% (2/2)">
              <conditions>
                <condition number="170" type="jump" coverage="100%" />
              </conditions>
            </line>
            <line number="46" hits="16364" branch="False" />
            <line number="48" hits="16364" branch="False" />
            <line number="49" hits="16364" branch="False" />
            <line number="50" hits="16364" branch="False" />
            <line number="51" hits="32722" branch="False" />
            <line number="53" hits="31" branch="False" />
            <line number="54" hits="39" branch="False" />
          </lines>
        </class>
      </classes>
    </package>
  </packages>
</coverage>